0 info it worked if it ends with ok
1 verbose cli [ '/Users/cabbio540/.nvm/versions/node/v7.0.0/bin/node',
1 verbose cli   '/Users/cabbio540/.nvm/versions/node/v7.0.0/bin/npm',
1 verbose cli   'run',
1 verbose cli   'flow' ]
2 info using npm@3.10.8
3 info using node@v7.0.0
4 verbose run-script [ 'preflow', 'flow', 'postflow' ]
5 info lifecycle ffmpeg-wrapper@1.0.0~preflow: ffmpeg-wrapper@1.0.0
6 silly lifecycle ffmpeg-wrapper@1.0.0~preflow: no script for preflow, continuing
7 info lifecycle ffmpeg-wrapper@1.0.0~flow: ffmpeg-wrapper@1.0.0
8 verbose lifecycle ffmpeg-wrapper@1.0.0~flow: unsafe-perm in lifecycle true
9 verbose lifecycle ffmpeg-wrapper@1.0.0~flow: PATH: /Users/cabbio540/.nvm/versions/node/v7.0.0/lib/node_modules/npm/bin/node-gyp-bin:/Users/cabbio540/Sites/personal/ffmpeg-wrapper/node_modules/.bin:/Users/cabbio540/.rvm/gems/ruby-2.3.0/bin:/Users/cabbio540/.rvm/gems/ruby-2.3.0@global/bin:/Users/cabbio540/.rvm/rubies/ruby-2.3.0/bin:/Users/cabbio540/.nvm/versions/node/v7.0.0/bin:/usr/local/bin:/usr/bin:/bin:/usr/sbin:/sbin:/Users/cabbio540/.rvm/bin
10 verbose lifecycle ffmpeg-wrapper@1.0.0~flow: CWD: /Users/cabbio540/Sites/personal/ffmpeg-wrapper
11 silly lifecycle ffmpeg-wrapper@1.0.0~flow: Args: [ '-c', 'flow' ]
12 silly lifecycle ffmpeg-wrapper@1.0.0~flow: Returned: code: 2  signal: null
13 info lifecycle ffmpeg-wrapper@1.0.0~flow: Failed to exec flow script
14 verbose stack Error: ffmpeg-wrapper@1.0.0 flow: `flow`
14 verbose stack Exit status 2
14 verbose stack     at EventEmitter.<anonymous> (/Users/cabbio540/.nvm/versions/node/v7.0.0/lib/node_modules/npm/lib/utils/lifecycle.js:255:16)
14 verbose stack     at emitTwo (events.js:106:13)
14 verbose stack     at EventEmitter.emit (events.js:191:7)
14 verbose stack     at ChildProcess.<anonymous> (/Users/cabbio540/.nvm/versions/node/v7.0.0/lib/node_modules/npm/lib/utils/spawn.js:40:14)
14 verbose stack     at emitTwo (events.js:106:13)
14 verbose stack     at ChildProcess.emit (events.js:191:7)
14 verbose stack     at maybeClose (internal/child_process.js:877:16)
14 verbose stack     at Process.ChildProcess._handle.onexit (internal/child_process.js:226:5)
15 verbose pkgid ffmpeg-wrapper@1.0.0
16 verbose cwd /Users/cabbio540/Sites/personal/ffmpeg-wrapper
17 error Darwin 16.1.0
18 error argv "/Users/cabbio540/.nvm/versions/node/v7.0.0/bin/node" "/Users/cabbio540/.nvm/versions/node/v7.0.0/bin/npm" "run" "flow"
19 error node v7.0.0
20 error npm  v3.10.8
21 error code ELIFECYCLE
22 error ffmpeg-wrapper@1.0.0 flow: `flow`
22 error Exit status 2
23 error Failed at the ffmpeg-wrapper@1.0.0 flow script 'flow'.
23 error Make sure you have the latest version of node.js and npm installed.
23 error If you do, this is most likely a problem with the ffmpeg-wrapper package,
23 error not with npm itself.
23 error Tell the author that this fails on your system:
23 error     flow
23 error You can get information on how to open an issue for this project with:
23 error     npm bugs ffmpeg-wrapper
23 error Or if that isn't available, you can get their info via:
23 error     npm owner ls ffmpeg-wrapper
23 error There is likely additional logging output above.
24 verbose exit [ 1, true ]
